Content-Type: text/plain; charset="utf-8"
MIME-Version: 1.0
Content-Transfer-Encoding: 7bit
Subject: Password reset on 127.0.0.1:8000
From: webmaster@localhost
To: victor.liao@uwaterloo.ca
Date: Mon, 24 Dec 2018 19:05:34 -0000
Message-ID: <154567833416.11830.2355929395755613896@Victors-MacBook-Pro.local>

<!DOCTYPE html>

<html lang="en">
<head>
    <meta charset="UTF-8">
    <meta name="viewport" content="width=device-width, initial-scale=1.0">
    <meta http-equiv="X-UA-Compatible" content="ie=edge">
    <title>Password Reset Email</title>

    <script src="https://ajax.googleapis.com/ajax/libs/jquery/3.1.0/jquery.min.js"></script>
    <script src="/static/todoapp/js/todo.js"></script>

    <link rel="stylesheet" href="/static/todoapp/css/todo.css">
	<link rel="stylesheet" href="//maxcdn.bootstrapcdn.com/bootstrap/3.2.0/css/bootstrap.min.css">
	<link rel="stylesheet" href="//maxcdn.bootstrapcdn.com/bootstrap/3.2.0/css/bootstrap-theme.min.css">  

</head>
<body>
    Someone asked for password reset for email victor.liao@uwaterloo.ca. Follow the link below:
    http://127.0.0.1:8000/accounts/reset/MQ/52e-225d3133b75d40c5d54b/        
</body>
</html>

-------------------------------------------------------------------------------
